CRITICAL - 2024-04-21 22:04:22 --> CodeIgniter\Router\Exceptions\RouterException: The route for "/login" cannot be found.
[Method: GET, Route: /]
in SYSTEMPATH\Helpers\url_helper.php on line 494.
 1 SYSTEMPATH\Helpers\url_helper.php(494): CodeIgniter\Router\Exceptions\RouterException::forInvalidRoute()
 2 APPPATH\Views\welcome_message.php(10): url_to()
 3 SYSTEMPATH\View\View.php(234): include('C:\\WEBSERVER\\sites\\projectos\\app\\Views\\welcome_message.php')
 4 SYSTEMPATH\View\View.php(237): CodeIgniter\View\View->CodeIgniter\View\{closure}()
 5 SYSTEMPATH\Common.php(1171): CodeIgniter\View\View->render()
 6 APPPATH\Controllers\Home.php(9): view()
 7 SYSTEMPATH\CodeIgniter.php(933): App\Controllers\Home->index()
 8 SYSTEMPATH\CodeIgniter.php(509): CodeIgniter\CodeIgniter->runController()
 9 SYSTEMPATH\CodeIgniter.php(355): CodeIgniter\CodeIgniter->handleRequest()
10 SYSTEMPATH\Boot.php(312): CodeIgniter\CodeIgniter->run()
11 SYSTEMPATH\Boot.php(67): CodeIgniter\Boot::runCodeIgniter()
12 FCPATH\index.php(56): CodeIgniter\Boot::bootWeb()
CRITICAL - 2024-04-21 22:06:47 --> CodeIgniter\Router\Exceptions\RouterException: The route for "/login" cannot be found.
[Method: GET, Route: /]
in SYSTEMPATH\Helpers\url_helper.php on line 494.
 1 SYSTEMPATH\Helpers\url_helper.php(494): CodeIgniter\Router\Exceptions\RouterException::forInvalidRoute()
 2 APPPATH\Views\welcome_message.php(10): url_to()
 3 SYSTEMPATH\View\View.php(234): include('C:\\WEBSERVER\\sites\\projectos\\app\\Views\\welcome_message.php')
 4 SYSTEMPATH\View\View.php(237): CodeIgniter\View\View->CodeIgniter\View\{closure}()
 5 SYSTEMPATH\Common.php(1171): CodeIgniter\View\View->render()
 6 APPPATH\Controllers\Home.php(9): view()
 7 SYSTEMPATH\CodeIgniter.php(933): App\Controllers\Home->index()
 8 SYSTEMPATH\CodeIgniter.php(509): CodeIgniter\CodeIgniter->runController()
 9 SYSTEMPATH\CodeIgniter.php(355): CodeIgniter\CodeIgniter->handleRequest()
10 SYSTEMPATH\Boot.php(312): CodeIgniter\CodeIgniter->run()
11 SYSTEMPATH\Boot.php(67): CodeIgniter\Boot::runCodeIgniter()
12 FCPATH\index.php(56): CodeIgniter\Boot::bootWeb()
CRITICAL - 2024-04-21 22:07:13 --> CodeIgniter\Router\Exceptions\RouterException: The route for "/login" cannot be found.
[Method: GET, Route: /]
in SYSTEMPATH\Helpers\url_helper.php on line 494.
 1 SYSTEMPATH\Helpers\url_helper.php(494): CodeIgniter\Router\Exceptions\RouterException::forInvalidRoute()
 2 APPPATH\Views\welcome_message.php(10): url_to()
 3 SYSTEMPATH\View\View.php(234): include('C:\\WEBSERVER\\sites\\projectos\\app\\Views\\welcome_message.php')
 4 SYSTEMPATH\View\View.php(237): CodeIgniter\View\View->CodeIgniter\View\{closure}()
 5 SYSTEMPATH\Common.php(1171): CodeIgniter\View\View->render()
 6 APPPATH\Controllers\Home.php(9): view()
 7 SYSTEMPATH\CodeIgniter.php(933): App\Controllers\Home->index()
 8 SYSTEMPATH\CodeIgniter.php(509): CodeIgniter\CodeIgniter->runController()
 9 SYSTEMPATH\CodeIgniter.php(355): CodeIgniter\CodeIgniter->handleRequest()
10 SYSTEMPATH\Boot.php(312): CodeIgniter\CodeIgniter->run()
11 SYSTEMPATH\Boot.php(67): CodeIgniter\Boot::runCodeIgniter()
12 FCPATH\index.php(56): CodeIgniter\Boot::bootWeb()
CRITICAL - 2024-04-21 22:07:14 --> CodeIgniter\Router\Exceptions\RouterException: The route for "/login" cannot be found.
[Method: GET, Route: /]
in SYSTEMPATH\Helpers\url_helper.php on line 494.
 1 SYSTEMPATH\Helpers\url_helper.php(494): CodeIgniter\Router\Exceptions\RouterException::forInvalidRoute()
 2 APPPATH\Views\welcome_message.php(10): url_to()
 3 SYSTEMPATH\View\View.php(234): include('C:\\WEBSERVER\\sites\\projectos\\app\\Views\\welcome_message.php')
 4 SYSTEMPATH\View\View.php(237): CodeIgniter\View\View->CodeIgniter\View\{closure}()
 5 SYSTEMPATH\Common.php(1171): CodeIgniter\View\View->render()
 6 APPPATH\Controllers\Home.php(9): view()
 7 SYSTEMPATH\CodeIgniter.php(933): App\Controllers\Home->index()
 8 SYSTEMPATH\CodeIgniter.php(509): CodeIgniter\CodeIgniter->runController()
 9 SYSTEMPATH\CodeIgniter.php(355): CodeIgniter\CodeIgniter->handleRequest()
10 SYSTEMPATH\Boot.php(312): CodeIgniter\CodeIgniter->run()
11 SYSTEMPATH\Boot.php(67): CodeIgniter\Boot::runCodeIgniter()
12 FCPATH\index.php(56): CodeIgniter\Boot::bootWeb()
CRITICAL - 2024-04-21 22:08:34 --> CodeIgniter\HTTP\Exceptions\BadRequestException: The URI you submitted has disallowed characters: "<php echo url_to('"
[Method: POST, Route: %3Cphp%20echo%20url_to%28%27/home%27%29]
in SYSTEMPATH\Router\Router.php on line 736.
 1 SYSTEMPATH\Router\Router.php(203): CodeIgniter\Router\Router->checkDisallowedChars()
 2 SYSTEMPATH\CodeIgniter.php(834): CodeIgniter\Router\Router->handle()
 3 SYSTEMPATH\CodeIgniter.php(457): CodeIgniter\CodeIgniter->tryToRouteIt()
 4 SYSTEMPATH\CodeIgniter.php(355): CodeIgniter\CodeIgniter->handleRequest()
 5 SYSTEMPATH\Boot.php(312): CodeIgniter\CodeIgniter->run()
 6 SYSTEMPATH\Boot.php(67): CodeIgniter\Boot::runCodeIgniter()
 7 FCPATH\index.php(56): CodeIgniter\Boot::bootWeb()
CRITICAL - 2024-04-21 22:09:08 --> CodeIgniter\HTTP\Exceptions\BadRequestException: The URI you submitted has disallowed characters: "<php echo url_to('"
[Method: POST, Route: %3Cphp%20echo%20url_to%28%27/home%27%29;]
in SYSTEMPATH\Router\Router.php on line 736.
 1 SYSTEMPATH\Router\Router.php(203): CodeIgniter\Router\Router->checkDisallowedChars()
 2 SYSTEMPATH\CodeIgniter.php(834): CodeIgniter\Router\Router->handle()
 3 SYSTEMPATH\CodeIgniter.php(457): CodeIgniter\CodeIgniter->tryToRouteIt()
 4 SYSTEMPATH\CodeIgniter.php(355): CodeIgniter\CodeIgniter->handleRequest()
 5 SYSTEMPATH\Boot.php(312): CodeIgniter\CodeIgniter->run()
 6 SYSTEMPATH\Boot.php(67): CodeIgniter\Boot::runCodeIgniter()
 7 FCPATH\index.php(56): CodeIgniter\Boot::bootWeb()
CRITICAL - 2024-04-21 22:10:08 --> CodeIgniter\HTTP\Exceptions\BadRequestException: The URI you submitted has disallowed characters: "<php echo url_to('"
[Method: POST, Route: %3Cphp%20echo%20url_to%28%27/home%27%29;]
in SYSTEMPATH\Router\Router.php on line 736.
 1 SYSTEMPATH\Router\Router.php(203): CodeIgniter\Router\Router->checkDisallowedChars()
 2 SYSTEMPATH\CodeIgniter.php(834): CodeIgniter\Router\Router->handle()
 3 SYSTEMPATH\CodeIgniter.php(457): CodeIgniter\CodeIgniter->tryToRouteIt()
 4 SYSTEMPATH\CodeIgniter.php(355): CodeIgniter\CodeIgniter->handleRequest()
 5 SYSTEMPATH\Boot.php(312): CodeIgniter\CodeIgniter->run()
 6 SYSTEMPATH\Boot.php(67): CodeIgniter\Boot::runCodeIgniter()
 7 FCPATH\index.php(56): CodeIgniter\Boot::bootWeb()
CRITICAL - 2024-04-21 22:12:06 --> CodeIgniter\HTTP\Exceptions\BadRequestException: The URI you submitted has disallowed characters: "<php echo url_to('"
[Method: POST, Route: %3Cphp%20echo%20url_to%28%27/home%27%29;]
in SYSTEMPATH\Router\Router.php on line 736.
 1 SYSTEMPATH\Router\Router.php(203): CodeIgniter\Router\Router->checkDisallowedChars()
 2 SYSTEMPATH\CodeIgniter.php(834): CodeIgniter\Router\Router->handle()
 3 SYSTEMPATH\CodeIgniter.php(457): CodeIgniter\CodeIgniter->tryToRouteIt()
 4 SYSTEMPATH\CodeIgniter.php(355): CodeIgniter\CodeIgniter->handleRequest()
 5 SYSTEMPATH\Boot.php(312): CodeIgniter\CodeIgniter->run()
 6 SYSTEMPATH\Boot.php(67): CodeIgniter\Boot::runCodeIgniter()
 7 FCPATH\index.php(56): CodeIgniter\Boot::bootWeb()
CRITICAL - 2024-04-21 22:12:10 --> CodeIgniter\Router\Exceptions\RouterException: The route for "/home" cannot be found.
[Method: GET, Route: /]
in SYSTEMPATH\Helpers\url_helper.php on line 494.
 1 SYSTEMPATH\Helpers\url_helper.php(494): CodeIgniter\Router\Exceptions\RouterException::forInvalidRoute()
 2 APPPATH\Views\welcome_message.php(10): url_to()
 3 SYSTEMPATH\View\View.php(234): include('C:\\WEBSERVER\\sites\\projectos\\app\\Views\\welcome_message.php')
 4 SYSTEMPATH\View\View.php(237): CodeIgniter\View\View->CodeIgniter\View\{closure}()
 5 SYSTEMPATH\Common.php(1171): CodeIgniter\View\View->render()
 6 APPPATH\Controllers\Home.php(9): view()
 7 SYSTEMPATH\CodeIgniter.php(933): App\Controllers\Home->index()
 8 SYSTEMPATH\CodeIgniter.php(509): CodeIgniter\CodeIgniter->runController()
 9 SYSTEMPATH\CodeIgniter.php(355): CodeIgniter\CodeIgniter->handleRequest()
10 SYSTEMPATH\Boot.php(312): CodeIgniter\CodeIgniter->run()
11 SYSTEMPATH\Boot.php(67): CodeIgniter\Boot::runCodeIgniter()
12 FCPATH\index.php(56): CodeIgniter\Boot::bootWeb()
CRITICAL - 2024-04-21 22:12:12 --> CodeIgniter\Router\Exceptions\RouterException: The route for "/home" cannot be found.
[Method: GET, Route: /]
in SYSTEMPATH\Helpers\url_helper.php on line 494.
 1 SYSTEMPATH\Helpers\url_helper.php(494): CodeIgniter\Router\Exceptions\RouterException::forInvalidRoute()
 2 APPPATH\Views\welcome_message.php(10): url_to()
 3 SYSTEMPATH\View\View.php(234): include('C:\\WEBSERVER\\sites\\projectos\\app\\Views\\welcome_message.php')
 4 SYSTEMPATH\View\View.php(237): CodeIgniter\View\View->CodeIgniter\View\{closure}()
 5 SYSTEMPATH\Common.php(1171): CodeIgniter\View\View->render()
 6 APPPATH\Controllers\Home.php(9): view()
 7 SYSTEMPATH\CodeIgniter.php(933): App\Controllers\Home->index()
 8 SYSTEMPATH\CodeIgniter.php(509): CodeIgniter\CodeIgniter->runController()
 9 SYSTEMPATH\CodeIgniter.php(355): CodeIgniter\CodeIgniter->handleRequest()
10 SYSTEMPATH\Boot.php(312): CodeIgniter\CodeIgniter->run()
11 SYSTEMPATH\Boot.php(67): CodeIgniter\Boot::runCodeIgniter()
12 FCPATH\index.php(56): CodeIgniter\Boot::bootWeb()
CRITICAL - 2024-04-21 22:12:20 --> CodeIgniter\Router\Exceptions\RouterException: The route for "/home" cannot be found.
[Method: GET, Route: /]
in SYSTEMPATH\Helpers\url_helper.php on line 494.
 1 SYSTEMPATH\Helpers\url_helper.php(494): CodeIgniter\Router\Exceptions\RouterException::forInvalidRoute()
 2 APPPATH\Views\welcome_message.php(10): url_to()
 3 SYSTEMPATH\View\View.php(234): include('C:\\WEBSERVER\\sites\\projectos\\app\\Views\\welcome_message.php')
 4 SYSTEMPATH\View\View.php(237): CodeIgniter\View\View->CodeIgniter\View\{closure}()
 5 SYSTEMPATH\Common.php(1171): CodeIgniter\View\View->render()
 6 APPPATH\Controllers\Home.php(9): view()
 7 SYSTEMPATH\CodeIgniter.php(933): App\Controllers\Home->index()
 8 SYSTEMPATH\CodeIgniter.php(509): CodeIgniter\CodeIgniter->runController()
 9 SYSTEMPATH\CodeIgniter.php(355): CodeIgniter\CodeIgniter->handleRequest()
10 SYSTEMPATH\Boot.php(312): CodeIgniter\CodeIgniter->run()
11 SYSTEMPATH\Boot.php(67): CodeIgniter\Boot::runCodeIgniter()
12 FCPATH\index.php(56): CodeIgniter\Boot::bootWeb()
CRITICAL - 2024-04-21 22:14:37 --> CodeIgniter\Router\Exceptions\RouterException: The route for "/home" cannot be found.
[Method: GET, Route: /]
in SYSTEMPATH\Helpers\url_helper.php on line 494.
 1 SYSTEMPATH\Helpers\url_helper.php(494): CodeIgniter\Router\Exceptions\RouterException::forInvalidRoute()
 2 APPPATH\Views\welcome_message.php(10): url_to()
 3 SYSTEMPATH\View\View.php(234): include('C:\\WEBSERVER\\sites\\projectos\\app\\Views\\welcome_message.php')
 4 SYSTEMPATH\View\View.php(237): CodeIgniter\View\View->CodeIgniter\View\{closure}()
 5 SYSTEMPATH\Common.php(1171): CodeIgniter\View\View->render()
 6 APPPATH\Controllers\Home.php(9): view()
 7 SYSTEMPATH\CodeIgniter.php(933): App\Controllers\Home->index()
 8 SYSTEMPATH\CodeIgniter.php(509): CodeIgniter\CodeIgniter->runController()
 9 SYSTEMPATH\CodeIgniter.php(355): CodeIgniter\CodeIgniter->handleRequest()
10 SYSTEMPATH\Boot.php(312): CodeIgniter\CodeIgniter->run()
11 SYSTEMPATH\Boot.php(67): CodeIgniter\Boot::runCodeIgniter()
12 FCPATH\index.php(56): CodeIgniter\Boot::bootWeb()
CRITICAL - 2024-04-21 22:15:48 --> CodeIgniter\Router\Exceptions\RouterException: The route for "/login" cannot be found.
[Method: GET, Route: /]
in SYSTEMPATH\Helpers\url_helper.php on line 494.
 1 SYSTEMPATH\Helpers\url_helper.php(494): CodeIgniter\Router\Exceptions\RouterException::forInvalidRoute()
 2 APPPATH\Views\welcome_message.php(10): url_to()
 3 SYSTEMPATH\View\View.php(234): include('C:\\WEBSERVER\\sites\\projectos\\app\\Views\\welcome_message.php')
 4 SYSTEMPATH\View\View.php(237): CodeIgniter\View\View->CodeIgniter\View\{closure}()
 5 SYSTEMPATH\Common.php(1171): CodeIgniter\View\View->render()
 6 APPPATH\Controllers\Home.php(9): view()
 7 SYSTEMPATH\CodeIgniter.php(933): App\Controllers\Home->index()
 8 SYSTEMPATH\CodeIgniter.php(509): CodeIgniter\CodeIgniter->runController()
 9 SYSTEMPATH\CodeIgniter.php(355): CodeIgniter\CodeIgniter->handleRequest()
10 SYSTEMPATH\Boot.php(312): CodeIgniter\CodeIgniter->run()
11 SYSTEMPATH\Boot.php(67): CodeIgniter\Boot::runCodeIgniter()
12 FCPATH\index.php(56): CodeIgniter\Boot::bootWeb()
CRITICAL - 2024-04-21 22:20:14 --> CodeIgniter\Router\Exceptions\RouterException: The route for "/login" cannot be found.
[Method: GET, Route: /]
in SYSTEMPATH\Helpers\url_helper.php on line 494.
 1 SYSTEMPATH\Helpers\url_helper.php(494): CodeIgniter\Router\Exceptions\RouterException::forInvalidRoute()
 2 APPPATH\Views\welcome_message.php(10): url_to()
 3 SYSTEMPATH\View\View.php(234): include('C:\\WEBSERVER\\sites\\projectos\\app\\Views\\welcome_message.php')
 4 SYSTEMPATH\View\View.php(237): CodeIgniter\View\View->CodeIgniter\View\{closure}()
 5 SYSTEMPATH\Common.php(1171): CodeIgniter\View\View->render()
 6 APPPATH\Controllers\Home.php(9): view()
 7 SYSTEMPATH\CodeIgniter.php(933): App\Controllers\Home->index()
 8 SYSTEMPATH\CodeIgniter.php(509): CodeIgniter\CodeIgniter->runController()
 9 SYSTEMPATH\CodeIgniter.php(355): CodeIgniter\CodeIgniter->handleRequest()
10 SYSTEMPATH\Boot.php(312): CodeIgniter\CodeIgniter->run()
11 SYSTEMPATH\Boot.php(67): CodeIgniter\Boot::runCodeIgniter()
12 FCPATH\index.php(56): CodeIgniter\Boot::bootWeb()
CRITICAL - 2024-04-21 23:14:34 --> Error: Class "Config\Database" not found
[Method: GET, Route: /]
in SYSTEMPATH\Debug\Toolbar\Collectors\Database.php on line 258.
 1 SYSTEMPATH\Debug\Toolbar\Collectors\Database.php(75): CodeIgniter\Debug\Toolbar\Collectors\Database->getConnections()
 2 SYSTEMPATH\Debug\Toolbar.php(68): CodeIgniter\Debug\Toolbar\Collectors\Database->__construct()
 3 SYSTEMPATH\Config\Services.php(787): CodeIgniter\Debug\Toolbar->__construct()
 4 SYSTEMPATH\Config\BaseService.php(311): CodeIgniter\Config\Services::toolbar()
 5 SYSTEMPATH\Config\BaseService.php(250): CodeIgniter\Config\BaseService::__callStatic()
 6 SYSTEMPATH\Config\Services.php(782): CodeIgniter\Config\BaseService::getSharedInstance()
 7 SYSTEMPATH\Config\BaseService.php(320): CodeIgniter\Config\Services::toolbar()
 8 SYSTEMPATH\Config\BaseService.php(201): CodeIgniter\Config\BaseService::__callStatic()
 9 SYSTEMPATH\Common.php(998): CodeIgniter\Config\BaseService::get()
10 SYSTEMPATH\Filters\DebugToolbar.php(43): service()
11 SYSTEMPATH\Filters\Filters.php(241): CodeIgniter\Filters\DebugToolbar->after()
12 SYSTEMPATH\Filters\Filters.php(291): CodeIgniter\Filters\Filters->runAfter()
13 SYSTEMPATH\CodeIgniter.php(409): CodeIgniter\Filters\Filters->runRequired()
14 SYSTEMPATH\CodeIgniter.php(372): CodeIgniter\CodeIgniter->runRequiredAfterFilters()
15 SYSTEMPATH\Boot.php(312): CodeIgniter\CodeIgniter->run()
16 SYSTEMPATH\Boot.php(67): CodeIgniter\Boot::runCodeIgniter()
17 FCPATH\index.php(56): CodeIgniter\Boot::bootWeb()
CRITICAL - 2024-04-21 23:14:49 --> Error: Class "Config\Database" not found
[Method: GET, Route: /]
in SYSTEMPATH\Debug\Toolbar\Collectors\Database.php on line 258.
 1 SYSTEMPATH\Debug\Toolbar\Collectors\Database.php(75): CodeIgniter\Debug\Toolbar\Collectors\Database->getConnections()
 2 SYSTEMPATH\Debug\Toolbar.php(68): CodeIgniter\Debug\Toolbar\Collectors\Database->__construct()
 3 SYSTEMPATH\Config\Services.php(787): CodeIgniter\Debug\Toolbar->__construct()
 4 SYSTEMPATH\Config\BaseService.php(311): CodeIgniter\Config\Services::toolbar()
 5 SYSTEMPATH\Config\BaseService.php(250): CodeIgniter\Config\BaseService::__callStatic()
 6 SYSTEMPATH\Config\Services.php(782): CodeIgniter\Config\BaseService::getSharedInstance()
 7 SYSTEMPATH\Config\BaseService.php(320): CodeIgniter\Config\Services::toolbar()
 8 SYSTEMPATH\Config\BaseService.php(201): CodeIgniter\Config\BaseService::__callStatic()
 9 SYSTEMPATH\Common.php(998): CodeIgniter\Config\BaseService::get()
10 SYSTEMPATH\Filters\DebugToolbar.php(43): service()
11 SYSTEMPATH\Filters\Filters.php(241): CodeIgniter\Filters\DebugToolbar->after()
12 SYSTEMPATH\Filters\Filters.php(291): CodeIgniter\Filters\Filters->runAfter()
13 SYSTEMPATH\CodeIgniter.php(409): CodeIgniter\Filters\Filters->runRequired()
14 SYSTEMPATH\CodeIgniter.php(372): CodeIgniter\CodeIgniter->runRequiredAfterFilters()
15 SYSTEMPATH\Boot.php(312): CodeIgniter\CodeIgniter->run()
16 SYSTEMPATH\Boot.php(67): CodeIgniter\Boot::runCodeIgniter()
17 FCPATH\index.php(56): CodeIgniter\Boot::bootWeb()
CRITICAL - 2024-04-21 23:16:08 --> ErrorException: Undefined variable $query
[Method: POST, Route: login]
in APPPATH\Controllers\Login.php on line 22.
 1 APPPATH\Controllers\Login.php(22): CodeIgniter\Debug\Exceptions->errorHandler()
 2 SYSTEMPATH\CodeIgniter.php(933): App\Controllers\Login->index()
 3 SYSTEMPATH\CodeIgniter.php(509): CodeIgniter\CodeIgniter->runController()
 4 SYSTEMPATH\CodeIgniter.php(355): CodeIgniter\CodeIgniter->handleRequest()
 5 SYSTEMPATH\Boot.php(312): CodeIgniter\CodeIgniter->run()
 6 SYSTEMPATH\Boot.php(67): CodeIgniter\Boot::runCodeIgniter()
 7 FCPATH\index.php(56): CodeIgniter\Boot::bootWeb()
CRITICAL - 2024-04-21 23:16:18 --> ErrorException: Undefined variable $query
[Method: POST, Route: login]
in APPPATH\Controllers\Login.php on line 22.
 1 APPPATH\Controllers\Login.php(22): CodeIgniter\Debug\Exceptions->errorHandler()
 2 SYSTEMPATH\CodeIgniter.php(933): App\Controllers\Login->index()
 3 SYSTEMPATH\CodeIgniter.php(509): CodeIgniter\CodeIgniter->runController()
 4 SYSTEMPATH\CodeIgniter.php(355): CodeIgniter\CodeIgniter->handleRequest()
 5 SYSTEMPATH\Boot.php(312): CodeIgniter\CodeIgniter->run()
 6 SYSTEMPATH\Boot.php(67): CodeIgniter\Boot::runCodeIgniter()
 7 FCPATH\index.php(56): CodeIgniter\Boot::bootWeb()
CRITICAL - 2024-04-21 23:16:58 --> TypeError: array_merge(): Argument #2 must be of type array, string given
[Method: POST, Route: login]
in SYSTEMPATH\Database\BaseConnection.php on line 373.
 1 SYSTEMPATH\Database\BaseConnection.php(373): array_merge()
 2 SYSTEMPATH\Database\SQLSRV\Connection.php(91): CodeIgniter\Database\BaseConnection->__construct()
 3 SYSTEMPATH\Database\Database.php(139): CodeIgniter\Database\SQLSRV\Connection->__construct()
 4 SYSTEMPATH\Database\Database.php(57): CodeIgniter\Database\Database->initDriver()
 5 SYSTEMPATH\Database\Config.php(84): CodeIgniter\Database\Database->load()
 6 SYSTEMPATH\Common.php(360): CodeIgniter\Database\Config::connect()
 7 APPPATH\Controllers\Login.php(16): db_connect()
 8 SYSTEMPATH\CodeIgniter.php(933): App\Controllers\Login->index()
 9 SYSTEMPATH\CodeIgniter.php(509): CodeIgniter\CodeIgniter->runController()
10 SYSTEMPATH\CodeIgniter.php(355): CodeIgniter\CodeIgniter->handleRequest()
11 SYSTEMPATH\Boot.php(312): CodeIgniter\CodeIgniter->run()
12 SYSTEMPATH\Boot.php(67): CodeIgniter\Boot::runCodeIgniter()
13 FCPATH\index.php(56): CodeIgniter\Boot::bootWeb()
CRITICAL - 2024-04-21 23:17:15 --> TypeError: array_merge(): Argument #2 must be of type array, string given
[Method: POST, Route: login]
in SYSTEMPATH\Database\BaseConnection.php on line 373.
 1 SYSTEMPATH\Database\BaseConnection.php(373): array_merge()
 2 SYSTEMPATH\Database\SQLSRV\Connection.php(91): CodeIgniter\Database\BaseConnection->__construct()
 3 SYSTEMPATH\Database\Database.php(139): CodeIgniter\Database\SQLSRV\Connection->__construct()
 4 SYSTEMPATH\Database\Database.php(57): CodeIgniter\Database\Database->initDriver()
 5 SYSTEMPATH\Database\Config.php(84): CodeIgniter\Database\Database->load()
 6 SYSTEMPATH\Common.php(360): CodeIgniter\Database\Config::connect()
 7 APPPATH\Controllers\Login.php(16): db_connect()
 8 SYSTEMPATH\CodeIgniter.php(933): App\Controllers\Login->index()
 9 SYSTEMPATH\CodeIgniter.php(509): CodeIgniter\CodeIgniter->runController()
10 SYSTEMPATH\CodeIgniter.php(355): CodeIgniter\CodeIgniter->handleRequest()
11 SYSTEMPATH\Boot.php(312): CodeIgniter\CodeIgniter->run()
12 SYSTEMPATH\Boot.php(67): CodeIgniter\Boot::runCodeIgniter()
13 FCPATH\index.php(56): CodeIgniter\Boot::bootWeb()
CRITICAL - 2024-04-21 23:24:35 --> TypeError: array_merge(): Argument #2 must be of type array, string given
[Method: POST, Route: login]
in SYSTEMPATH\Database\BaseConnection.php on line 373.
 1 SYSTEMPATH\Database\BaseConnection.php(373): array_merge()
 2 SYSTEMPATH\Database\SQLSRV\Connection.php(91): CodeIgniter\Database\BaseConnection->__construct()
 3 SYSTEMPATH\Database\Database.php(139): CodeIgniter\Database\SQLSRV\Connection->__construct()
 4 SYSTEMPATH\Database\Database.php(57): CodeIgniter\Database\Database->initDriver()
 5 SYSTEMPATH\Database\Config.php(84): CodeIgniter\Database\Database->load()
 6 SYSTEMPATH\Common.php(360): CodeIgniter\Database\Config::connect()
 7 APPPATH\Controllers\Login.php(16): db_connect()
 8 SYSTEMPATH\CodeIgniter.php(933): App\Controllers\Login->index()
 9 SYSTEMPATH\CodeIgniter.php(509): CodeIgniter\CodeIgniter->runController()
10 SYSTEMPATH\CodeIgniter.php(355): CodeIgniter\CodeIgniter->handleRequest()
11 SYSTEMPATH\Boot.php(312): CodeIgniter\CodeIgniter->run()
12 SYSTEMPATH\Boot.php(67): CodeIgniter\Boot::runCodeIgniter()
13 FCPATH\index.php(56): CodeIgniter\Boot::bootWeb()
CRITICAL - 2024-04-21 23:24:37 --> TypeError: array_merge(): Argument #2 must be of type array, string given
[Method: POST, Route: login]
in SYSTEMPATH\Database\BaseConnection.php on line 373.
 1 SYSTEMPATH\Database\BaseConnection.php(373): array_merge()
 2 SYSTEMPATH\Database\SQLSRV\Connection.php(91): CodeIgniter\Database\BaseConnection->__construct()
 3 SYSTEMPATH\Database\Database.php(139): CodeIgniter\Database\SQLSRV\Connection->__construct()
 4 SYSTEMPATH\Database\Database.php(57): CodeIgniter\Database\Database->initDriver()
 5 SYSTEMPATH\Database\Config.php(84): CodeIgniter\Database\Database->load()
 6 SYSTEMPATH\Common.php(360): CodeIgniter\Database\Config::connect()
 7 APPPATH\Controllers\Login.php(16): db_connect()
 8 SYSTEMPATH\CodeIgniter.php(933): App\Controllers\Login->index()
 9 SYSTEMPATH\CodeIgniter.php(509): CodeIgniter\CodeIgniter->runController()
10 SYSTEMPATH\CodeIgniter.php(355): CodeIgniter\CodeIgniter->handleRequest()
11 SYSTEMPATH\Boot.php(312): CodeIgniter\CodeIgniter->run()
12 SYSTEMPATH\Boot.php(67): CodeIgniter\Boot::runCodeIgniter()
13 FCPATH\index.php(56): CodeIgniter\Boot::bootWeb()
CRITICAL - 2024-04-21 23:24:39 --> TypeError: array_merge(): Argument #2 must be of type array, string given
[Method: POST, Route: login]
in SYSTEMPATH\Database\BaseConnection.php on line 373.
 1 SYSTEMPATH\Database\BaseConnection.php(373): array_merge()
 2 SYSTEMPATH\Database\SQLSRV\Connection.php(91): CodeIgniter\Database\BaseConnection->__construct()
 3 SYSTEMPATH\Database\Database.php(139): CodeIgniter\Database\SQLSRV\Connection->__construct()
 4 SYSTEMPATH\Database\Database.php(57): CodeIgniter\Database\Database->initDriver()
 5 SYSTEMPATH\Database\Config.php(84): CodeIgniter\Database\Database->load()
 6 SYSTEMPATH\Common.php(360): CodeIgniter\Database\Config::connect()
 7 APPPATH\Controllers\Login.php(16): db_connect()
 8 SYSTEMPATH\CodeIgniter.php(933): App\Controllers\Login->index()
 9 SYSTEMPATH\CodeIgniter.php(509): CodeIgniter\CodeIgniter->runController()
10 SYSTEMPATH\CodeIgniter.php(355): CodeIgniter\CodeIgniter->handleRequest()
11 SYSTEMPATH\Boot.php(312): CodeIgniter\CodeIgniter->run()
12 SYSTEMPATH\Boot.php(67): CodeIgniter\Boot::runCodeIgniter()
13 FCPATH\index.php(56): CodeIgniter\Boot::bootWeb()
CRITICAL - 2024-04-21 23:40:26 --> TypeError: array_merge(): Argument #2 must be of type array, string given
[Method: POST, Route: login]
in SYSTEMPATH\Database\BaseConnection.php on line 373.
 1 SYSTEMPATH\Database\BaseConnection.php(373): array_merge()
 2 SYSTEMPATH\Database\SQLSRV\Connection.php(91): CodeIgniter\Database\BaseConnection->__construct()
 3 SYSTEMPATH\Database\Database.php(139): CodeIgniter\Database\SQLSRV\Connection->__construct()
 4 SYSTEMPATH\Database\Database.php(57): CodeIgniter\Database\Database->initDriver()
 5 SYSTEMPATH\Database\Config.php(84): CodeIgniter\Database\Database->load()
 6 SYSTEMPATH\Common.php(360): CodeIgniter\Database\Config::connect()
 7 APPPATH\Controllers\Login.php(16): db_connect()
 8 SYSTEMPATH\CodeIgniter.php(933): App\Controllers\Login->index()
 9 SYSTEMPATH\CodeIgniter.php(509): CodeIgniter\CodeIgniter->runController()
10 SYSTEMPATH\CodeIgniter.php(355): CodeIgniter\CodeIgniter->handleRequest()
11 SYSTEMPATH\Boot.php(312): CodeIgniter\CodeIgniter->run()
12 SYSTEMPATH\Boot.php(67): CodeIgniter\Boot::runCodeIgniter()
13 FCPATH\index.php(56): CodeIgniter\Boot::bootWeb()
CRITICAL - 2024-04-21 23:41:10 --> TypeError: array_merge(): Argument #2 must be of type array, string given
[Method: POST, Route: login]
in SYSTEMPATH\Database\BaseConnection.php on line 373.
 1 SYSTEMPATH\Database\BaseConnection.php(373): array_merge()
 2 SYSTEMPATH\Database\SQLSRV\Connection.php(91): CodeIgniter\Database\BaseConnection->__construct()
 3 SYSTEMPATH\Database\Database.php(139): CodeIgniter\Database\SQLSRV\Connection->__construct()
 4 SYSTEMPATH\Database\Database.php(57): CodeIgniter\Database\Database->initDriver()
 5 SYSTEMPATH\Database\Config.php(84): CodeIgniter\Database\Database->load()
 6 SYSTEMPATH\Common.php(360): CodeIgniter\Database\Config::connect()
 7 APPPATH\Controllers\Login.php(16): db_connect()
 8 SYSTEMPATH\CodeIgniter.php(933): App\Controllers\Login->index()
 9 SYSTEMPATH\CodeIgniter.php(509): CodeIgniter\CodeIgniter->runController()
10 SYSTEMPATH\CodeIgniter.php(355): CodeIgniter\CodeIgniter->handleRequest()
11 SYSTEMPATH\Boot.php(312): CodeIgniter\CodeIgniter->run()
12 SYSTEMPATH\Boot.php(67): CodeIgniter\Boot::runCodeIgniter()
13 FCPATH\index.php(56): CodeIgniter\Boot::bootWeb()
CRITICAL - 2024-04-21 23:41:13 --> TypeError: array_merge(): Argument #2 must be of type array, string given
[Method: POST, Route: login]
in SYSTEMPATH\Database\BaseConnection.php on line 373.
 1 SYSTEMPATH\Database\BaseConnection.php(373): array_merge()
 2 SYSTEMPATH\Database\SQLSRV\Connection.php(91): CodeIgniter\Database\BaseConnection->__construct()
 3 SYSTEMPATH\Database\Database.php(139): CodeIgniter\Database\SQLSRV\Connection->__construct()
 4 SYSTEMPATH\Database\Database.php(57): CodeIgniter\Database\Database->initDriver()
 5 SYSTEMPATH\Database\Config.php(84): CodeIgniter\Database\Database->load()
 6 SYSTEMPATH\Common.php(360): CodeIgniter\Database\Config::connect()
 7 APPPATH\Controllers\Login.php(16): db_connect()
 8 SYSTEMPATH\CodeIgniter.php(933): App\Controllers\Login->index()
 9 SYSTEMPATH\CodeIgniter.php(509): CodeIgniter\CodeIgniter->runController()
10 SYSTEMPATH\CodeIgniter.php(355): CodeIgniter\CodeIgniter->handleRequest()
11 SYSTEMPATH\Boot.php(312): CodeIgniter\CodeIgniter->run()
12 SYSTEMPATH\Boot.php(67): CodeIgniter\Boot::runCodeIgniter()
13 FCPATH\index.php(56): CodeIgniter\Boot::bootWeb()
CRITICAL - 2024-04-21 23:41:16 --> TypeError: array_merge(): Argument #2 must be of type array, string given
[Method: POST, Route: login]
in SYSTEMPATH\Database\BaseConnection.php on line 373.
 1 SYSTEMPATH\Database\BaseConnection.php(373): array_merge()
 2 SYSTEMPATH\Database\SQLSRV\Connection.php(91): CodeIgniter\Database\BaseConnection->__construct()
 3 SYSTEMPATH\Database\Database.php(139): CodeIgniter\Database\SQLSRV\Connection->__construct()
 4 SYSTEMPATH\Database\Database.php(57): CodeIgniter\Database\Database->initDriver()
 5 SYSTEMPATH\Database\Config.php(84): CodeIgniter\Database\Database->load()
 6 SYSTEMPATH\Common.php(360): CodeIgniter\Database\Config::connect()
 7 APPPATH\Controllers\Login.php(16): db_connect()
 8 SYSTEMPATH\CodeIgniter.php(933): App\Controllers\Login->index()
 9 SYSTEMPATH\CodeIgniter.php(509): CodeIgniter\CodeIgniter->runController()
10 SYSTEMPATH\CodeIgniter.php(355): CodeIgniter\CodeIgniter->handleRequest()
11 SYSTEMPATH\Boot.php(312): CodeIgniter\CodeIgniter->run()
12 SYSTEMPATH\Boot.php(67): CodeIgniter\Boot::runCodeIgniter()
13 FCPATH\index.php(56): CodeIgniter\Boot::bootWeb()
